<?xml version="1.0" encoding="UTF-8"?>
<!-- Generated by org.testng.reporters.JUnitReportReporter -->
<testsuite hostname="DESKTOP-TBD4149" name="com.googlegrive.files.UploadFile" tests="1" failures="0" timestamp="7 Nov 2019 04:59:10 GMT" time="2.462" errors="0">
  <testcase name="uploadPDFFile" time="2.462" classname="com.googlegrive.files.UploadFile"/>
</testsuite> <!-- com.googlegrive.files.UploadFile -->
